<?xml version="1.0" encoding="UTF-8"?>
<!-- Generated by org.testng.reporters.JUnitReportReporter -->
<testsuite skipped="0" hostname="Vineeth" name="s1googlesearch.TC2GoogleSearchResultCountUFT" tests="1" failures="0" timestamp="24 Jan 2018 08:21:25 GMT" time="7.683" errors="0">
  <testcase name="googleSearchResultCount" time="7.683" classname="s1googlesearch.TC2GoogleSearchResultCountUFT"/>
</testsuite> <!-- s1googlesearch.TC2GoogleSearchResultCountUFT -->
